{"/Users/robcarter/Desktop/Reflect App/expo-env.d.ts": {"path":"/Users/robcarter/Desktop/Reflect App/expo-env.d.ts","statementMap":{},"fnMap":{},"branchMap":{},"s":{},"f":{},"b":{}}
,"/Users/robcarter/Desktop/Reflect App/jest.config.js": {"path":"/Users/robcarter/Desktop/Reflect App/jest.config.js","statementMap":{"0":{"start":{"line":1,"column":0},"end":{"line":17,"column":2}}},"fnMap":{},"branchMap":{},"s":{"0":0},"f":{},"b":{}}
,"/Users/robcarter/Desktop/Reflect App/.expo/types/router.d.ts": {"path":"/Users/robcarter/Desktop/Reflect App/.expo/types/router.d.ts","statementMap":{},"fnMap":{},"branchMap":{},"s":{},"f":{},"b":{}}
,"/Users/robcarter/Desktop/Reflect App/app/+not-found.tsx": {"path":"/Users/robcarter/Desktop/Reflect App/app/+not-found.tsx","statementMap":{"0":{"start":{"line":5,"column":2},"end":{"line":15,"column":4}},"1":{"start":{"line":18,"column":15},"end":{"line":33,"column":2}}},"fnMap":{"0":{"name":"NotFoundScreen","decl":{"start":{"line":4,"column":24},"end":{"line":4,"column":38}},"loc":{"start":{"line":4,"column":41},"end":{"line":16,"column":1}},"line":4}},"branchMap":{},"s":{"0":0,"1":0},"f":{"0":0},"b":{}}
,"/Users/robcarter/Desktop/Reflect App/app/_layout.tsx": {"path":"/Users/robcarter/Desktop/Reflect App/app/_layout.tsx","statementMap":{"0":{"start":{"line":8,"column":2},"end":{"line":8,"column":22}},"1":{"start":{"line":10,"column":24},"end":{"line":14,"column":4}},"2":{"start":{"line":16,"column":2},"end":{"line":18,"column":3}},"3":{"start":{"line":17,"column":4},"end":{"line":17,"column":16}},"4":{"start":{"line":20,"column":2},"end":{"line":28,"column":4}}},"fnMap":{"0":{"name":"RootLayout","decl":{"start":{"line":7,"column":24},"end":{"line":7,"column":34}},"loc":{"start":{"line":7,"column":37},"end":{"line":29,"column":1}},"line":7}},"branchMap":{"0":{"loc":{"start":{"line":16,"column":2},"end":{"line":18,"column":3}},"type":"if","locations":[{"start":{"line":16,"column":2},"end":{"line":18,"column":3}},{"start":{},"end":{}}],"line":16}},"s":{"0":0,"1":0,"2":0,"3":0,"4":0},"f":{"0":0},"b":{"0":[0,0]}}
,"/Users/robcarter/Desktop/Reflect App/app/(tabs)/_layout.tsx": {"path":"/Users/robcarter/Desktop/Reflect App/app/(tabs)/_layout.tsx","statementMap":{"0":{"start":{"line":7,"column":2},"end":{"line":60,"column":4}},"1":{"start":{"line":13,"column":10},"end":{"line":15,"column":76}},"2":{"start":{"line":24,"column":43},"end":{"line":24,"column":77}},"3":{"start":{"line":31,"column":43},"end":{"line":31,"column":77}},"4":{"start":{"line":39,"column":12},"end":{"line":41,"column":19}},"5":{"start":{"line":49,"column":43},"end":{"line":49,"column":86}},"6":{"start":{"line":56,"column":43},"end":{"line":56,"column":81}},"7":{"start":{"line":63,"column":15},"end":{"line":92,"column":2}}},"fnMap":{"0":{"name":"TabLayout","decl":{"start":{"line":6,"column":24},"end":{"line":6,"column":33}},"loc":{"start":{"line":6,"column":36},"end":{"line":61,"column":1}},"line":6},"1":{"name":"(anonymous_1)","decl":{"start":{"line":12,"column":26},"end":{"line":12,"column":27}},"loc":{"start":{"line":13,"column":10},"end":{"line":15,"column":76}},"line":13},"2":{"name":"(anonymous_2)","decl":{"start":{"line":24,"column":22},"end":{"line":24,"column":23}},"loc":{"start":{"line":24,"column":43},"end":{"line":24,"column":77}},"line":24},"3":{"name":"(anonymous_3)","decl":{"start":{"line":31,"column":22},"end":{"line":31,"column":23}},"loc":{"start":{"line":31,"column":43},"end":{"line":31,"column":77}},"line":31},"4":{"name":"(anonymous_4)","decl":{"start":{"line":38,"column":22},"end":{"line":38,"column":23}},"loc":{"start":{"line":39,"column":12},"end":{"line":41,"column":19}},"line":39},"5":{"name":"(anonymous_5)","decl":{"start":{"line":49,"column":22},"end":{"line":49,"column":23}},"loc":{"start":{"line":49,"column":43},"end":{"line":49,"column":86}},"line":49},"6":{"name":"(anonymous_6)","decl":{"start":{"line":56,"column":22},"end":{"line":56,"column":23}},"loc":{"start":{"line":56,"column":43},"end":{"line":56,"column":81}},"line":56}},"branchMap":{"0":{"loc":{"start":{"line":13,"column":10},"end":{"line":15,"column":76}},"type":"cond-expr","locations":[{"start":{"line":14,"column":12},"end":{"line":14,"column":71}},{"start":{"line":15,"column":12},"end":{"line":15,"column":76}}],"line":13}},"s":{"0":0,"1":0,"2":0,"3":0,"4":0,"5":0,"6":0,"7":0},"f":{"0":0,"1":0,"2":0,"3":0,"4":0,"5":0,"6":0},"b":{"0":[0,0]}}
,"/Users/robcarter/Desktop/Reflect App/app/(tabs)/ask-buddy.tsx": {"path":"/Users/robcarter/Desktop/Reflect App/app/(tabs)/ask-buddy.tsx","statementMap":{"0":{"start":{"line":6,"column":2},"end":{"line":44,"column":4}},"1":{"start":{"line":47,"column":15},"end":{"line":133,"column":2}}},"fnMap":{"0":{"name":"AskBuddyScreen","decl":{"start":{"line":5,"column":24},"end":{"line":5,"column":38}},"loc":{"start":{"line":5,"column":41},"end":{"line":45,"column":1}},"line":5}},"branchMap":{},"s":{"0":0,"1":0},"f":{"0":0},"b":{}}
,"/Users/robcarter/Desktop/Reflect App/app/(tabs)/index.tsx": {"path":"/Users/robcarter/Desktop/Reflect App/app/(tabs)/index.tsx","statementMap":{"0":{"start":{"line":5,"column":2},"end":{"line":32,"column":4}},"1":{"start":{"line":35,"column":15},"end":{"line":116,"column":2}}},"fnMap":{"0":{"name":"HomeScreen","decl":{"start":{"line":4,"column":24},"end":{"line":4,"column":34}},"loc":{"start":{"line":4,"column":37},"end":{"line":33,"column":1}},"line":4}},"branchMap":{},"s":{"0":0,"1":0},"f":{"0":0},"b":{}}
,"/Users/robcarter/Desktop/Reflect App/app/(tabs)/journal.tsx": {"path":"/Users/robcarter/Desktop/Reflect App/app/(tabs)/journal.tsx","statementMap":{"0":{"start":{"line":6,"column":2},"end":{"line":46,"column":4}},"1":{"start":{"line":49,"column":15},"end":{"line":128,"column":2}}},"fnMap":{"0":{"name":"JournalScreen","decl":{"start":{"line":5,"column":24},"end":{"line":5,"column":37}},"loc":{"start":{"line":5,"column":40},"end":{"line":47,"column":1}},"line":5}},"branchMap":{},"s":{"0":0,"1":0},"f":{"0":0},"b":{}}
,"/Users/robcarter/Desktop/Reflect App/app/(tabs)/new-entry.tsx": {"path":"/Users/robcarter/Desktop/Reflect App/app/(tabs)/new-entry.tsx","statementMap":{"0":{"start":{"line":27,"column":0},"end":{"line":29,"column":1}},"1":{"start":{"line":28,"column":2},"end":{"line":28,"column":56}},"2":{"start":{"line":31,"column":35},"end":{"line":31,"column":60}},"3":{"start":{"line":32,"column":32},"end":{"line":32,"column":56}},"4":{"start":{"line":54,"column":42},"end":{"line":54,"column":54}},"5":{"start":{"line":55,"column":50},"end":{"line":55,"column":62}},"6":{"start":{"line":56,"column":66},"end":{"line":56,"column":78}},"7":{"start":{"line":57,"column":60},"end":{"line":57,"column":72}},"8":{"start":{"line":58,"column":48},"end":{"line":58,"column":60}},"9":{"start":{"line":59,"column":50},"end":{"line":59,"column":62}},"10":{"start":{"line":60,"column":48},"end":{"line":60,"column":59}},"11":{"start":{"line":63,"column":19},"end":{"line":63,"column":56}},"12":{"start":{"line":64,"column":20},"end":{"line":64,"column":57}},"13":{"start":{"line":67,"column":26},"end":{"line":67,"column":49}},"14":{"start":{"line":68,"column":30},"end":{"line":68,"column":53}},"15":{"start":{"line":69,"column":29},"end":{"line":69,"column":52}},"16":{"start":{"line":70,"column":29},"end":{"line":70,"column":52}},"17":{"start":{"line":71,"column":29},"end":{"line":71,"column":52}},"18":{"start":{"line":72,"column":31},"end":{"line":72,"column":55}},"19":{"start":{"line":74,"column":28},"end":{"line":76,"column":3}},"20":{"start":{"line":75,"column":4},"end":{"line":75,"column":28}},"21":{"start":{"line":78,"column":2},"end":{"line":92,"column":9}},"22":{"start":{"line":79,"column":29},"end":{"line":82,"column":5}},"23":{"start":{"line":81,"column":11},"end":{"line":81,"column":54}},"24":{"start":{"line":83,"column":29},"end":{"line":86,"column":5}},"25":{"start":{"line":85,"column":12},"end":{"line":85,"column":33}},"26":{"start":{"line":88,"column":4},"end":{"line":91,"column":6}},"27":{"start":{"line":89,"column":6},"end":{"line":89,"column":32}},"28":{"start":{"line":90,"column":6},"end":{"line":90,"column":32}},"29":{"start":{"line":94,"column":2},"end":{"line":124,"column":25}},"30":{"start":{"line":95,"column":4},"end":{"line":123,"column":5}},"31":{"start":{"line":96,"column":6},"end":{"line":108,"column":17}},"32":{"start":{"line":110,"column":6},"end":{"line":122,"column":17}},"33":{"start":{"line":126,"column":34},"end":{"line":137,"column":3}},"34":{"start":{"line":127,"column":4},"end":{"line":127,"column":73}},"35":{"start":{"line":128,"column":4},"end":{"line":128,"column":35}},"36":{"start":{"line":129,"column":4},"end":{"line":129,"column":29}},"37":{"start":{"line":131,"column":4},"end":{"line":136,"column":12}},"38":{"start":{"line":132,"column":6},"end":{"line":135,"column":9}},"39":{"start":{"line":139,"column":33},"end":{"line":147,"column":3}},"40":{"start":{"line":140,"column":4},"end":{"line":146,"column":7}},"41":{"start":{"line":141,"column":6},"end":{"line":145,"column":14}},"42":{"start":{"line":142,"column":8},"end":{"line":144,"column":9}},"43":{"start":{"line":143,"column":10},"end":{"line":143,"column":34}},"44":{"start":{"line":149,"column":37},"end":{"line":175,"column":3}},"45":{"start":{"line":150,"column":4},"end":{"line":150,"column":29}},"46":{"start":{"line":151,"column":4},"end":{"line":151,"column":73}},"47":{"start":{"line":153,"column":4},"end":{"line":174,"column":5}},"48":{"start":{"line":155,"column":8},"end":{"line":155,"column":41}},"49":{"start":{"line":156,"column":8},"end":{"line":156,"column":45}},"50":{"start":{"line":157,"column":8},"end":{"line":157,"column":14}},"51":{"start":{"line":159,"column":8},"end":{"line":159,"column":49}},"52":{"start":{"line":160,"column":8},"end":{"line":160,"column":44}},"53":{"start":{"line":161,"column":8},"end":{"line":161,"column":14}},"54":{"start":{"line":163,"column":8},"end":{"line":163,"column":46}},"55":{"start":{"line":164,"column":8},"end":{"line":164,"column":44}},"56":{"start":{"line":165,"column":8},"end":{"line":165,"column":14}},"57":{"start":{"line":167,"column":8},"end":{"line":167,"column":40}},"58":{"start":{"line":168,"column":8},"end":{"line":168,"column":44}},"59":{"start":{"line":169,"column":8},"end":{"line":169,"column":14}},"60":{"start":{"line":171,"column":8},"end":{"line":171,"column":32}},"61":{"start":{"line":172,"column":8},"end":{"line":172,"column":27}},"62":{"start":{"line":173,"column":8},"end":{"line":173,"column":14}},"63":{"start":{"line":177,"column":41},"end":{"line":199,"column":3}},"64":{"start":{"line":178,"column":4},"end":{"line":178,"column":29}},"65":{"start":{"line":179,"column":4},"end":{"line":179,"column":73}},"66":{"start":{"line":181,"column":4},"end":{"line":198,"column":5}},"67":{"start":{"line":183,"column":8},"end":{"line":183,"column":46}},"68":{"start":{"line":184,"column":8},"end":{"line":184,"column":44}},"69":{"start":{"line":185,"column":8},"end":{"line":185,"column":14}},"70":{"start":{"line":187,"column":8},"end":{"line":187,"column":49}},"71":{"start":{"line":188,"column":8},"end":{"line":188,"column":44}},"72":{"start":{"line":189,"column":8},"end":{"line":189,"column":14}},"73":{"start":{"line":191,"column":8},"end":{"line":191,"column":41}},"74":{"start":{"line":192,"column":8},"end":{"line":192,"column":45}},"75":{"start":{"line":193,"column":8},"end":{"line":193,"column":14}},"76":{"start":{"line":195,"column":8},"end":{"line":195,"column":37}},"77":{"start":{"line":196,"column":8},"end":{"line":196,"column":41}},"78":{"start":{"line":197,"column":8},"end":{"line":197,"column":14}},"79":{"start":{"line":201,"column":32},"end":{"line":208,"column":3}},"80":{"start":{"line":202,"column":4},"end":{"line":206,"column":5}},"81":{"start":{"line":203,"column":6},"end":{"line":203,"column":31}},"82":{"start":{"line":204,"column":6},"end":{"line":204,"column":44}},"83":{"start":{"line":205,"column":6},"end":{"line":205,"column":18}},"84":{"start":{"line":207,"column":4},"end":{"line":207,"column":17}},"85":{"start":{"line":210,"column":38},"end":{"line":264,"column":3}},"86":{"start":{"line":211,"column":4},"end":{"line":211,"column":43}},"87":{"start":{"line":211,"column":31},"end":{"line":211,"column":43}},"88":{"start":{"line":213,"column":25},"end":{"line":213,"column":53}},"89":{"start":{"line":214,"column":24},"end":{"line":214,"column":55}},"90":{"start":{"line":216,"column":4},"end":{"line":263,"column":6}},"91":{"start":{"line":225,"column":29},"end":{"line":225,"column":77}},"92":{"start":{"line":238,"column":29},"end":{"line":238,"column":73}},"93":{"start":{"line":252,"column":16},"end":{"line":252,"column":40}},"94":{"start":{"line":253,"column":16},"end":{"line":253,"column":35}},"95":{"start":{"line":254,"column":16},"end":{"line":254,"column":71}},"96":{"start":{"line":266,"column":33},"end":{"line":275,"column":3}},"97":{"start":{"line":267,"column":23},"end":{"line":267,"column":54}},"98":{"start":{"line":268,"column":18},"end":{"line":268,"column":87}},"99":{"start":{"line":270,"column":4},"end":{"line":274,"column":6}},"100":{"start":{"line":277,"column":2},"end":{"line":485,"column":4}},"101":{"start":{"line":314,"column":31},"end":{"line":314,"column":66}},"102":{"start":{"line":316,"column":39},"end":{"line":316,"column":74}},"103":{"start":{"line":349,"column":31},"end":{"line":349,"column":72}},"104":{"start":{"line":351,"column":39},"end":{"line":351,"column":78}},"105":{"start":{"line":352,"column":35},"end":{"line":352,"column":72}},"106":{"start":{"line":384,"column":31},"end":{"line":384,"column":80}},"107":{"start":{"line":386,"column":39},"end":{"line":386,"column":86}},"108":{"start":{"line":387,"column":35},"end":{"line":387,"column":80}},"109":{"start":{"line":419,"column":31},"end":{"line":419,"column":77}},"110":{"start":{"line":421,"column":39},"end":{"line":421,"column":83}},"111":{"start":{"line":422,"column":35},"end":{"line":422,"column":77}},"112":{"start":{"line":454,"column":31},"end":{"line":454,"column":71}},"113":{"start":{"line":457,"column":18},"end":{"line":457,"column":42}},"114":{"start":{"line":458,"column":18},"end":{"line":458,"column":37}},"115":{"start":{"line":460,"column":35},"end":{"line":460,"column":71}},"116":{"start":{"line":471,"column":16},"end":{"line":471,"column":84}},"117":{"start":{"line":472,"column":16},"end":{"line":472,"column":36}},"118":{"start":{"line":488,"column":15},"end":{"line":615,"column":2}}},"fnMap":{"0":{"name":"JournalEntryScreen","decl":{"start":{"line":52,"column":24},"end":{"line":52,"column":42}},"loc":{"start":{"line":52,"column":45},"end":{"line":486,"column":1}},"line":52},"1":{"name":"(anonymous_1)","decl":{"start":{"line":74,"column":28},"end":{"line":74,"column":29}},"loc":{"start":{"line":74,"column":34},"end":{"line":76,"column":3}},"line":74},"2":{"name":"(anonymous_2)","decl":{"start":{"line":78,"column":12},"end":{"line":78,"column":13}},"loc":{"start":{"line":78,"column":18},"end":{"line":92,"column":3}},"line":78},"3":{"name":"(anonymous_3)","decl":{"start":{"line":81,"column":6},"end":{"line":81,"column":7}},"loc":{"start":{"line":81,"column":11},"end":{"line":81,"column":54}},"line":81},"4":{"name":"(anonymous_4)","decl":{"start":{"line":85,"column":6},"end":{"line":85,"column":7}},"loc":{"start":{"line":85,"column":12},"end":{"line":85,"column":33}},"line":85},"5":{"name":"(anonymous_5)","decl":{"start":{"line":88,"column":11},"end":{"line":88,"column":12}},"loc":{"start":{"line":88,"column":17},"end":{"line":91,"column":5}},"line":88},"6":{"name":"(anonymous_6)","decl":{"start":{"line":94,"column":12},"end":{"line":94,"column":13}},"loc":{"start":{"line":94,"column":18},"end":{"line":124,"column":3}},"line":94},"7":{"name":"(anonymous_7)","decl":{"start":{"line":126,"column":34},"end":{"line":126,"column":35}},"loc":{"start":{"line":126,"column":81},"end":{"line":137,"column":3}},"line":126},"8":{"name":"(anonymous_8)","decl":{"start":{"line":131,"column":15},"end":{"line":131,"column":16}},"loc":{"start":{"line":131,"column":21},"end":{"line":136,"column":5}},"line":131},"9":{"name":"(anonymous_9)","decl":{"start":{"line":139,"column":33},"end":{"line":139,"column":34}},"loc":{"start":{"line":139,"column":39},"end":{"line":147,"column":3}},"line":139},"10":{"name":"(anonymous_10)","decl":{"start":{"line":140,"column":26},"end":{"line":140,"column":27}},"loc":{"start":{"line":140,"column":32},"end":{"line":146,"column":5}},"line":140},"11":{"name":"(anonymous_11)","decl":{"start":{"line":141,"column":17},"end":{"line":141,"column":18}},"loc":{"start":{"line":141,"column":23},"end":{"line":145,"column":7}},"line":141},"12":{"name":"(anonymous_12)","decl":{"start":{"line":149,"column":37},"end":{"line":149,"column":38}},"loc":{"start":{"line":149,"column":63},"end":{"line":175,"column":3}},"line":149},"13":{"name":"(anonymous_13)","decl":{"start":{"line":177,"column":41},"end":{"line":177,"column":42}},"loc":{"start":{"line":177,"column":67},"end":{"line":199,"column":3}},"line":177},"14":{"name":"(anonymous_14)","decl":{"start":{"line":201,"column":32},"end":{"line":201,"column":33}},"loc":{"start":{"line":201,"column":67},"end":{"line":208,"column":3}},"line":201},"15":{"name":"(anonymous_15)","decl":{"start":{"line":210,"column":38},"end":{"line":210,"column":39}},"loc":{"start":{"line":210,"column":44},"end":{"line":264,"column":3}},"line":210},"16":{"name":"(anonymous_16)","decl":{"start":{"line":225,"column":23},"end":{"line":225,"column":24}},"loc":{"start":{"line":225,"column":29},"end":{"line":225,"column":77}},"line":225},"17":{"name":"(anonymous_17)","decl":{"start":{"line":238,"column":23},"end":{"line":238,"column":24}},"loc":{"start":{"line":238,"column":29},"end":{"line":238,"column":73}},"line":238},"18":{"name":"(anonymous_18)","decl":{"start":{"line":251,"column":23},"end":{"line":251,"column":24}},"loc":{"start":{"line":251,"column":29},"end":{"line":255,"column":15}},"line":251},"19":{"name":"(anonymous_19)","decl":{"start":{"line":266,"column":33},"end":{"line":266,"column":34}},"loc":{"start":{"line":266,"column":76},"end":{"line":275,"column":3}},"line":266},"20":{"name":"(anonymous_20)","decl":{"start":{"line":314,"column":25},"end":{"line":314,"column":26}},"loc":{"start":{"line":314,"column":31},"end":{"line":314,"column":66}},"line":314},"21":{"name":"(anonymous_21)","decl":{"start":{"line":316,"column":33},"end":{"line":316,"column":34}},"loc":{"start":{"line":316,"column":39},"end":{"line":316,"column":74}},"line":316},"22":{"name":"(anonymous_22)","decl":{"start":{"line":349,"column":25},"end":{"line":349,"column":26}},"loc":{"start":{"line":349,"column":31},"end":{"line":349,"column":72}},"line":349},"23":{"name":"(anonymous_23)","decl":{"start":{"line":351,"column":33},"end":{"line":351,"column":34}},"loc":{"start":{"line":351,"column":39},"end":{"line":351,"column":78}},"line":351},"24":{"name":"(anonymous_24)","decl":{"start":{"line":352,"column":28},"end":{"line":352,"column":29}},"loc":{"start":{"line":352,"column":35},"end":{"line":352,"column":72}},"line":352},"25":{"name":"(anonymous_25)","decl":{"start":{"line":384,"column":25},"end":{"line":384,"column":26}},"loc":{"start":{"line":384,"column":31},"end":{"line":384,"column":80}},"line":384},"26":{"name":"(anonymous_26)","decl":{"start":{"line":386,"column":33},"end":{"line":386,"column":34}},"loc":{"start":{"line":386,"column":39},"end":{"line":386,"column":86}},"line":386},"27":{"name":"(anonymous_27)","decl":{"start":{"line":387,"column":28},"end":{"line":387,"column":29}},"loc":{"start":{"line":387,"column":35},"end":{"line":387,"column":80}},"line":387},"28":{"name":"(anonymous_28)","decl":{"start":{"line":419,"column":25},"end":{"line":419,"column":26}},"loc":{"start":{"line":419,"column":31},"end":{"line":419,"column":77}},"line":419},"29":{"name":"(anonymous_29)","decl":{"start":{"line":421,"column":33},"end":{"line":421,"column":34}},"loc":{"start":{"line":421,"column":39},"end":{"line":421,"column":83}},"line":421},"30":{"name":"(anonymous_30)","decl":{"start":{"line":422,"column":28},"end":{"line":422,"column":29}},"loc":{"start":{"line":422,"column":35},"end":{"line":422,"column":77}},"line":422},"31":{"name":"(anonymous_31)","decl":{"start":{"line":454,"column":25},"end":{"line":454,"column":26}},"loc":{"start":{"line":454,"column":31},"end":{"line":454,"column":71}},"line":454},"32":{"name":"(anonymous_32)","decl":{"start":{"line":456,"column":33},"end":{"line":456,"column":34}},"loc":{"start":{"line":456,"column":39},"end":{"line":459,"column":17}},"line":456},"33":{"name":"(anonymous_33)","decl":{"start":{"line":460,"column":28},"end":{"line":460,"column":29}},"loc":{"start":{"line":460,"column":35},"end":{"line":460,"column":71}},"line":460},"34":{"name":"(anonymous_34)","decl":{"start":{"line":470,"column":23},"end":{"line":470,"column":24}},"loc":{"start":{"line":470,"column":29},"end":{"line":473,"column":15}},"line":470}},"branchMap":{"0":{"loc":{"start":{"line":27,"column":0},"end":{"line":29,"column":1}},"type":"if","locations":[{"start":{"line":27,"column":0},"end":{"line":29,"column":1}},{"start":{},"end":{}}],"line":27},"1":{"loc":{"start":{"line":27,"column":4},"end":{"line":27,"column":80}},"type":"binary-expr","locations":[{"start":{"line":27,"column":4},"end":{"line":27,"column":29}},{"start":{"line":27,"column":33},"end":{"line":27,"column":80}}],"line":27},"2":{"loc":{"start":{"line":80,"column":6},"end":{"line":80,"column":68}},"type":"cond-expr","locations":[{"start":{"line":80,"column":30},"end":{"line":80,"column":48}},{"start":{"line":80,"column":51},"end":{"line":80,"column":68}}],"line":80},"3":{"loc":{"start":{"line":84,"column":6},"end":{"line":84,"column":68}},"type":"cond-expr","locations":[{"start":{"line":84,"column":30},"end":{"line":84,"column":48}},{"start":{"line":84,"column":51},"end":{"line":84,"column":68}}],"line":84},"4":{"loc":{"start":{"line":95,"column":4},"end":{"line":123,"column":5}},"type":"if","locations":[{"start":{"line":95,"column":4},"end":{"line":123,"column":5}},{"start":{"line":109,"column":11},"end":{"line":123,"column":5}}],"line":95},"5":{"loc":{"start":{"line":142,"column":8},"end":{"line":144,"column":9}},"type":"if","locations":[{"start":{"line":142,"column":8},"end":{"line":144,"column":9}},{"start":{},"end":{}}],"line":142},"6":{"loc":{"start":{"line":153,"column":4},"end":{"line":174,"column":5}},"type":"switch","locations":[{"start":{"line":154,"column":6},"end":{"line":157,"column":14}},{"start":{"line":158,"column":6},"end":{"line":161,"column":14}},{"start":{"line":162,"column":6},"end":{"line":165,"column":14}},{"start":{"line":166,"column":6},"end":{"line":169,"column":14}},{"start":{"line":170,"column":6},"end":{"line":173,"column":14}}],"line":153},"7":{"loc":{"start":{"line":181,"column":4},"end":{"line":198,"column":5}},"type":"switch","locations":[{"start":{"line":182,"column":6},"end":{"line":185,"column":14}},{"start":{"line":186,"column":6},"end":{"line":189,"column":14}},{"start":{"line":190,"column":6},"end":{"line":193,"column":14}},{"start":{"line":194,"column":6},"end":{"line":197,"column":14}}],"line":181},"8":{"loc":{"start":{"line":202,"column":4},"end":{"line":206,"column":5}},"type":"if","locations":[{"start":{"line":202,"column":4},"end":{"line":206,"column":5}},{"start":{},"end":{}}],"line":202},"9":{"loc":{"start":{"line":202,"column":8},"end":{"line":202,"column":72}},"type":"binary-expr","locations":[{"start":{"line":202,"column":8},"end":{"line":202,"column":41}},{"start":{"line":202,"column":45},"end":{"line":202,"column":72}}],"line":202},"10":{"loc":{"start":{"line":211,"column":4},"end":{"line":211,"column":43}},"type":"if","locations":[{"start":{"line":211,"column":4},"end":{"line":211,"column":43}},{"start":{},"end":{}}],"line":211},"11":{"loc":{"start":{"line":227,"column":40},"end":{"line":227,"column":80}},"type":"binary-expr","locations":[{"start":{"line":227,"column":40},"end":{"line":227,"column":52}},{"start":{"line":227,"column":56},"end":{"line":227,"column":80}}],"line":227},"12":{"loc":{"start":{"line":233,"column":23},"end":{"line":233,"column":59}},"type":"cond-expr","locations":[{"start":{"line":233,"column":38},"end":{"line":233,"column":47}},{"start":{"line":233,"column":50},"end":{"line":233,"column":59}}],"line":233},"13":{"loc":{"start":{"line":240,"column":40},"end":{"line":240,"column":79}},"type":"binary-expr","locations":[{"start":{"line":240,"column":40},"end":{"line":240,"column":51}},{"start":{"line":240,"column":55},"end":{"line":240,"column":79}}],"line":240},"14":{"loc":{"start":{"line":246,"column":23},"end":{"line":246,"column":58}},"type":"cond-expr","locations":[{"start":{"line":246,"column":37},"end":{"line":246,"column":46}},{"start":{"line":246,"column":49},"end":{"line":246,"column":58}}],"line":246},"15":{"loc":{"start":{"line":266,"column":48},"end":{"line":266,"column":71}},"type":"default-arg","locations":[{"start":{"line":266,"column":68},"end":{"line":266,"column":71}}],"line":266},"16":{"loc":{"start":{"line":268,"column":18},"end":{"line":268,"column":87}},"type":"cond-expr","locations":[{"start":{"line":268,"column":36},"end":{"line":268,"column":45}},{"start":{"line":268,"column":48},"end":{"line":268,"column":87}}],"line":268},"17":{"loc":{"start":{"line":268,"column":48},"end":{"line":268,"column":87}},"type":"cond-expr","locations":[{"start":{"line":268,"column":66},"end":{"line":268,"column":75}},{"start":{"line":268,"column":78},"end":{"line":268,"column":87}}],"line":268},"18":{"loc":{"start":{"line":280,"column":18},"end":{"line":280,"column":62}},"type":"cond-expr","locations":[{"start":{"line":280,"column":42},"end":{"line":280,"column":51}},{"start":{"line":280,"column":54},"end":{"line":280,"column":62}}],"line":280},"19":{"loc":{"start":{"line":282,"column":32},"end":{"line":282,"column":62}},"type":"cond-expr","locations":[{"start":{"line":282,"column":56},"end":{"line":282,"column":58}},{"start":{"line":282,"column":61},"end":{"line":282,"column":62}}],"line":282},"20":{"loc":{"start":{"line":298,"column":25},"end":{"line":298,"column":64}},"type":"cond-expr","locations":[{"start":{"line":298,"column":56},"end":{"line":298,"column":60}},{"start":{"line":298,"column":63},"end":{"line":298,"column":64}}],"line":298},"21":{"loc":{"start":{"line":307,"column":18},"end":{"line":307,"column":69}},"type":"binary-expr","locations":[{"start":{"line":307,"column":18},"end":{"line":307,"column":46}},{"start":{"line":307,"column":50},"end":{"line":307,"column":69}}],"line":307},"22":{"loc":{"start":{"line":329,"column":25},"end":{"line":329,"column":68}},"type":"cond-expr","locations":[{"start":{"line":329,"column":60},"end":{"line":329,"column":64}},{"start":{"line":329,"column":67},"end":{"line":329,"column":68}}],"line":329},"23":{"loc":{"start":{"line":339,"column":18},"end":{"line":339,"column":73}},"type":"binary-expr","locations":[{"start":{"line":339,"column":18},"end":{"line":339,"column":50}},{"start":{"line":339,"column":54},"end":{"line":339,"column":73}}],"line":339},"24":{"loc":{"start":{"line":364,"column":25},"end":{"line":364,"column":76}},"type":"cond-expr","locations":[{"start":{"line":364,"column":68},"end":{"line":364,"column":72}},{"start":{"line":364,"column":75},"end":{"line":364,"column":76}}],"line":364},"25":{"loc":{"start":{"line":374,"column":18},"end":{"line":374,"column":81}},"type":"binary-expr","locations":[{"start":{"line":374,"column":18},"end":{"line":374,"column":58}},{"start":{"line":374,"column":62},"end":{"line":374,"column":81}}],"line":374},"26":{"loc":{"start":{"line":399,"column":25},"end":{"line":399,"column":73}},"type":"cond-expr","locations":[{"start":{"line":399,"column":65},"end":{"line":399,"column":69}},{"start":{"line":399,"column":72},"end":{"line":399,"column":73}}],"line":399},"27":{"loc":{"start":{"line":409,"column":18},"end":{"line":409,"column":78}},"type":"binary-expr","locations":[{"start":{"line":409,"column":18},"end":{"line":409,"column":55}},{"start":{"line":409,"column":59},"end":{"line":409,"column":78}}],"line":409},"28":{"loc":{"start":{"line":434,"column":25},"end":{"line":434,"column":67}},"type":"cond-expr","locations":[{"start":{"line":434,"column":59},"end":{"line":434,"column":63}},{"start":{"line":434,"column":66},"end":{"line":434,"column":67}}],"line":434},"29":{"loc":{"start":{"line":444,"column":18},"end":{"line":444,"column":72}},"type":"binary-expr","locations":[{"start":{"line":444,"column":18},"end":{"line":444,"column":49}},{"start":{"line":444,"column":53},"end":{"line":444,"column":72}}],"line":444},"30":{"loc":{"start":{"line":479,"column":59},"end":{"line":479,"column":101}},"type":"cond-expr","locations":[{"start":{"line":479,"column":81},"end":{"line":479,"column":96}},{"start":{"line":479,"column":99},"end":{"line":479,"column":101}}],"line":479}},"s":{"0":0,"1":0,"2":0,"3":0,"4":0,"5":0,"6":0,"7":0,"8":0,"9":0,"10":0,"11":0,"12":0,"13":0,"14":0,"15":0,"16":0,"17":0,"18":0,"19":0,"20":0,"21":0,"22":0,"23":0,"24":0,"25":0,"26":0,"27":0,"28":0,"29":0,"30":0,"31":0,"32":0,"33":0,"34":0,"35":0,"36":0,"37":0,"38":0,"39":0,"40":0,"41":0,"42":0,"43":0,"44":0,"45":0,"46":0,"47":0,"48":0,"49":0,"50":0,"51":0,"52":0,"53":0,"54":0,"55":0,"56":0,"57":0,"58":0,"59":0,"60":0,"61":0,"62":0,"63":0,"64":0,"65":0,"66":0,"67":0,"68":0,"69":0,"70":0,"71":0,"72":0,"73":0,"74":0,"75":0,"76":0,"77":0,"78":0,"79":0,"80":0,"81":0,"82":0,"83":0,"84":0,"85":0,"86":0,"87":0,"88":0,"89":0,"90":0,"91":0,"92":0,"93":0,"94":0,"95":0,"96":0,"97":0,"98":0,"99":0,"100":0,"101":0,"102":0,"103":0,"104":0,"105":0,"106":0,"107":0,"108":0,"109":0,"110":0,"111":0,"112":0,"113":0,"114":0,"115":0,"116":0,"117":0,"118":0},"f":{"0":0,"1":0,"2":0,"3":0,"4":0,"5":0,"6":0,"7":0,"8":0,"9":0,"10":0,"11":0,"12":0,"13":0,"14":0,"15":0,"16":0,"17":0,"18":0,"19":0,"20":0,"21":0,"22":0,"23":0,"24":0,"25":0,"26":0,"27":0,"28":0,"29":0,"30":0,"31":0,"32":0,"33":0,"34":0},"b":{"0":[0,0],"1":[0,0],"2":[0,0],"3":[0,0],"4":[0,0],"5":[0,0],"6":[0,0,0,0,0],"7":[0,0,0,0],"8":[0,0],"9":[0,0],"10":[0,0],"11":[0,0],"12":[0,0],"13":[0,0],"14":[0,0],"15":[0],"16":[0,0],"17":[0,0],"18":[0,0],"19":[0,0],"20":[0,0],"21":[0,0],"22":[0,0],"23":[0,0],"24":[0,0],"25":[0,0],"26":[0,0],"27":[0,0],"28":[0,0],"29":[0,0],"30":[0,0]}}
,"/Users/robcarter/Desktop/Reflect App/app/(tabs)/settings.tsx": {"path":"/Users/robcarter/Desktop/Reflect App/app/(tabs)/settings.tsx","statementMap":{"0":{"start":{"line":6,"column":2},"end":{"line":70,"column":4}},"1":{"start":{"line":73,"column":15},"end":{"line":141,"column":2}}},"fnMap":{"0":{"name":"SettingsScreen","decl":{"start":{"line":5,"column":24},"end":{"line":5,"column":38}},"loc":{"start":{"line":5,"column":41},"end":{"line":71,"column":1}},"line":5}},"branchMap":{},"s":{"0":0,"1":0},"f":{"0":0},"b":{}}
,"/Users/robcarter/Desktop/Reflect App/hooks/useFrameworkReady.ts": {"path":"/Users/robcarter/Desktop/Reflect App/hooks/useFrameworkReady.ts","statementMap":{"0":{"start":{"line":10,"column":2},"end":{"line":12,"column":5}},"1":{"start":{"line":11,"column":4},"end":{"line":11,"column":30}}},"fnMap":{"0":{"name":"useFrameworkReady","decl":{"start":{"line":9,"column":16},"end":{"line":9,"column":33}},"loc":{"start":{"line":9,"column":36},"end":{"line":13,"column":1}},"line":9},"1":{"name":"(anonymous_1)","decl":{"start":{"line":10,"column":12},"end":{"line":10,"column":13}},"loc":{"start":{"line":10,"column":18},"end":{"line":12,"column":3}},"line":10}},"branchMap":{},"s":{"0":0,"1":0},"f":{"0":0,"1":0},"b":{}}
}
