TN:
SF:expo-env.d.ts
FNF:0
FNH:0
LF:0
LH:0
BRF:0
BRH:0
end_of_record
TN:
SF:jest.config.js
FNF:0
FNH:0
DA:1,0
LF:1
LH:0
BRF:0
BRH:0
end_of_record
TN:
SF:.expo/types/router.d.ts
FNF:0
FNH:0
LF:0
LH:0
BRF:0
BRH:0
end_of_record
TN:
SF:app/+not-found.tsx
FN:4,NotFoundScreen
FNF:1
FNH:0
FNDA:0,NotFoundScreen
DA:5,0
DA:18,0
LF:2
LH:0
BRF:0
BRH:0
end_of_record
TN:
SF:app/_layout.tsx
FN:7,RootLayout
FNF:1
FNH:0
FNDA:0,RootLayout
DA:8,0
DA:10,0
DA:16,0
DA:17,0
DA:20,0
LF:5
LH:0
BRDA:16,0,0,0
BRDA:16,0,1,0
BRF:2
BRH:0
end_of_record
TN:
SF:app/(tabs)/_layout.tsx
FN:6,TabLayout
FN:12,(anonymous_1)
FN:24,(anonymous_2)
FN:31,(anonymous_3)
FN:38,(anonymous_4)
FN:49,(anonymous_5)
FN:56,(anonymous_6)
FNF:7
FNH:0
FNDA:0,TabLayout
FNDA:0,(anonymous_1)
FNDA:0,(anonymous_2)
FNDA:0,(anonymous_3)
FNDA:0,(anonymous_4)
FNDA:0,(anonymous_5)
FNDA:0,(anonymous_6)
DA:7,0
DA:13,0
DA:24,0
DA:31,0
DA:39,0
DA:49,0
DA:56,0
DA:63,0
LF:8
LH:0
BRDA:13,0,0,0
BRDA:13,0,1,0
BRF:2
BRH:0
end_of_record
TN:
SF:app/(tabs)/ask-buddy.tsx
FN:5,AskBuddyScreen
FNF:1
FNH:0
FNDA:0,AskBuddyScreen
DA:6,0
DA:47,0
LF:2
LH:0
BRF:0
BRH:0
end_of_record
TN:
SF:app/(tabs)/index.tsx
FN:4,HomeScreen
FNF:1
FNH:0
FNDA:0,HomeScreen
DA:5,0
DA:35,0
LF:2
LH:0
BRF:0
BRH:0
end_of_record
TN:
SF:app/(tabs)/journal.tsx
FN:5,JournalScreen
FNF:1
FNH:0
FNDA:0,JournalScreen
DA:6,0
DA:49,0
LF:2
LH:0
BRF:0
BRH:0
end_of_record
TN:
SF:app/(tabs)/new-entry.tsx
FN:52,JournalEntryScreen
FN:74,(anonymous_1)
FN:78,(anonymous_2)
FN:81,(anonymous_3)
FN:85,(anonymous_4)
FN:88,(anonymous_5)
FN:94,(anonymous_6)
FN:126,(anonymous_7)
FN:131,(anonymous_8)
FN:139,(anonymous_9)
FN:140,(anonymous_10)
FN:141,(anonymous_11)
FN:149,(anonymous_12)
FN:177,(anonymous_13)
FN:201,(anonymous_14)
FN:210,(anonymous_15)
FN:225,(anonymous_16)
FN:238,(anonymous_17)
FN:251,(anonymous_18)
FN:266,(anonymous_19)
FN:314,(anonymous_20)
FN:316,(anonymous_21)
FN:349,(anonymous_22)
FN:351,(anonymous_23)
FN:352,(anonymous_24)
FN:384,(anonymous_25)
FN:386,(anonymous_26)
FN:387,(anonymous_27)
FN:419,(anonymous_28)
FN:421,(anonymous_29)
FN:422,(anonymous_30)
FN:454,(anonymous_31)
FN:456,(anonymous_32)
FN:460,(anonymous_33)
FN:470,(anonymous_34)
FNF:35
FNH:0
FNDA:0,JournalEntryScreen
FNDA:0,(anonymous_1)
FNDA:0,(anonymous_2)
FNDA:0,(anonymous_3)
FNDA:0,(anonymous_4)
FNDA:0,(anonymous_5)
FNDA:0,(anonymous_6)
FNDA:0,(anonymous_7)
FNDA:0,(anonymous_8)
FNDA:0,(anonymous_9)
FNDA:0,(anonymous_10)
FNDA:0,(anonymous_11)
FNDA:0,(anonymous_12)
FNDA:0,(anonymous_13)
FNDA:0,(anonymous_14)
FNDA:0,(anonymous_15)
FNDA:0,(anonymous_16)
FNDA:0,(anonymous_17)
FNDA:0,(anonymous_18)
FNDA:0,(anonymous_19)
FNDA:0,(anonymous_20)
FNDA:0,(anonymous_21)
FNDA:0,(anonymous_22)
FNDA:0,(anonymous_23)
FNDA:0,(anonymous_24)
FNDA:0,(anonymous_25)
FNDA:0,(anonymous_26)
FNDA:0,(anonymous_27)
FNDA:0,(anonymous_28)
FNDA:0,(anonymous_29)
FNDA:0,(anonymous_30)
FNDA:0,(anonymous_31)
FNDA:0,(anonymous_32)
FNDA:0,(anonymous_33)
FNDA:0,(anonymous_34)
DA:27,0
DA:28,0
DA:31,0
DA:32,0
DA:54,0
DA:55,0
DA:56,0
DA:57,0
DA:58,0
DA:59,0
DA:60,0
DA:63,0
DA:64,0
DA:67,0
DA:68,0
DA:69,0
DA:70,0
DA:71,0
DA:72,0
DA:74,0
DA:75,0
DA:78,0
DA:79,0
DA:81,0
DA:83,0
DA:85,0
DA:88,0
DA:89,0
DA:90,0
DA:94,0
DA:95,0
DA:96,0
DA:110,0
DA:126,0
DA:127,0
DA:128,0
DA:129,0
DA:131,0
DA:132,0
DA:139,0
DA:140,0
DA:141,0
DA:142,0
DA:143,0
DA:149,0
DA:150,0
DA:151,0
DA:153,0
DA:155,0
DA:156,0
DA:157,0
DA:159,0
DA:160,0
DA:161,0
DA:163,0
DA:164,0
DA:165,0
DA:167,0
DA:168,0
DA:169,0
DA:171,0
DA:172,0
DA:173,0
DA:177,0
DA:178,0
DA:179,0
DA:181,0
DA:183,0
DA:184,0
DA:185,0
DA:187,0
DA:188,0
DA:189,0
DA:191,0
DA:192,0
DA:193,0
DA:195,0
DA:196,0
DA:197,0
DA:201,0
DA:202,0
DA:203,0
DA:204,0
DA:205,0
DA:207,0
DA:210,0
DA:211,0
DA:213,0
DA:214,0
DA:216,0
DA:225,0
DA:238,0
DA:252,0
DA:253,0
DA:254,0
DA:266,0
DA:267,0
DA:268,0
DA:270,0
DA:277,0
DA:314,0
DA:316,0
DA:349,0
DA:351,0
DA:352,0
DA:384,0
DA:386,0
DA:387,0
DA:419,0
DA:421,0
DA:422,0
DA:454,0
DA:457,0
DA:458,0
DA:460,0
DA:471,0
DA:472,0
DA:488,0
LF:118
LH:0
BRDA:27,0,0,0
BRDA:27,0,1,0
BRDA:27,1,0,0
BRDA:27,1,1,0
BRDA:80,2,0,0
BRDA:80,2,1,0
BRDA:84,3,0,0
BRDA:84,3,1,0
BRDA:95,4,0,0
BRDA:95,4,1,0
BRDA:142,5,0,0
BRDA:142,5,1,0
BRDA:153,6,0,0
BRDA:153,6,1,0
BRDA:153,6,2,0
BRDA:153,6,3,0
BRDA:153,6,4,0
BRDA:181,7,0,0
BRDA:181,7,1,0
BRDA:181,7,2,0
BRDA:181,7,3,0
BRDA:202,8,0,0
BRDA:202,8,1,0
BRDA:202,9,0,0
BRDA:202,9,1,0
BRDA:211,10,0,0
BRDA:211,10,1,0
BRDA:227,11,0,0
BRDA:227,11,1,0
BRDA:233,12,0,0
BRDA:233,12,1,0
BRDA:240,13,0,0
BRDA:240,13,1,0
BRDA:246,14,0,0
BRDA:246,14,1,0
BRDA:266,15,0,0
BRDA:268,16,0,0
BRDA:268,16,1,0
BRDA:268,17,0,0
BRDA:268,17,1,0
BRDA:280,18,0,0
BRDA:280,18,1,0
BRDA:282,19,0,0
BRDA:282,19,1,0
BRDA:298,20,0,0
BRDA:298,20,1,0
BRDA:307,21,0,0
BRDA:307,21,1,0
BRDA:329,22,0,0
BRDA:329,22,1,0
BRDA:339,23,0,0
BRDA:339,23,1,0
BRDA:364,24,0,0
BRDA:364,24,1,0
BRDA:374,25,0,0
BRDA:374,25,1,0
BRDA:399,26,0,0
BRDA:399,26,1,0
BRDA:409,27,0,0
BRDA:409,27,1,0
BRDA:434,28,0,0
BRDA:434,28,1,0
BRDA:444,29,0,0
BRDA:444,29,1,0
BRDA:479,30,0,0
BRDA:479,30,1,0
BRF:66
BRH:0
end_of_record
TN:
SF:app/(tabs)/settings.tsx
FN:5,SettingsScreen
FNF:1
FNH:0
FNDA:0,SettingsScreen
DA:6,0
DA:73,0
LF:2
LH:0
BRF:0
BRH:0
end_of_record
TN:
SF:hooks/useFrameworkReady.ts
FN:9,useFrameworkReady
FN:10,(anonymous_1)
FNF:2
FNH:0
FNDA:0,useFrameworkReady
FNDA:0,(anonymous_1)
DA:10,0
DA:11,0
LF:2
LH:0
BRF:0
BRH:0
end_of_record
